<?xml version="1.0" encoding="UTF-8"?>
<!-- Generated by org.testng.reporters.JUnitXMLReporter -->
<testsuite hostname="DESKTOP-GJ6MLLF" ignored="0" name="Test" tests="3" failures="2" timestamp="12 Jun 2019 06:18:24 GMT" time="56.638" errors="0">
  <testcase name="testInvalidLogin" time="7.551" classname="com.cawi.tests.invalidLoginTest">
    <failure type="java.lang.AssertionError" message="null">
      <![CDATA[java.lang.AssertionError: null
at com.cawi.tests.invalidLoginTest.testInvalidLogin(invalidLoginTest.java:37)
... Removed 27 stack frames]]>
    </failure>
  </testcase> <!-- testInvalidLogin -->
  <testcase name="testValidLogin" time="19.906" classname="com.cawi.tests.validLoginTest"/>
  <testcase name="testInvalidPage" time="10.244" classname="com.cawi.tests.invalidPageTest">
    <failure type="java.lang.AssertionError" message="null">
      <![CDATA[java.lang.AssertionError: null
at com.cawi.generic.basePage.verifyTitle(basePage.java:29)
at com.cawi.pages.loginPage.verifyPage(loginPage.java:80)
at com.cawi.tests.invalidPageTest.testInvalidPage(invalidPageTest.java:23)
... Removed 27 stack frames]]>
    </failure>
  </testcase> <!-- testInvalidPage -->
</testsuite> <!-- Test -->
