<?xml version="1.0" encoding="UTF-8"?>
<!-- Generated by org.testng.reporters.JUnitXMLReporter -->
<testsuite hostname="DESKTOP-GJ6MLLF" ignored="4" name="Test" tests="3" failures="1" timestamp="27 Mar 2019 07:21:57 GMT" time="6.399" errors="0">
  <testcase name="@AfterMethod getResult" time="0.008" classname="com.cawi.generic.baseTest">
    <failure type="java.lang.NullPointerException">
      <![CDATA[java.lang.NullPointerException
at com.cawi.generic.baseTest.getResult(baseTest.java:61)
... Removed 28 stack frames]]>
    </failure>
  </testcase> <!-- @AfterMethod getResult -->
  <testcase name="@BeforeMethod precondition" time="0.0" classname="com.cawi.generic.baseTest">
    <skipped/>
  </testcase> <!-- @BeforeMethod precondition -->
  <testcase name="@AfterMethod getResult" time="0.0" classname="com.cawi.generic.baseTest">
    <skipped/>
  </testcase> <!-- @AfterMethod getResult -->
  <testcase name="@BeforeMethod precondition" time="0.0" classname="com.cawi.generic.baseTest">
    <skipped/>
  </testcase> <!-- @BeforeMethod precondition -->
  <testcase name="@AfterMethod getResult" time="0.0" classname="com.cawi.generic.baseTest">
    <skipped/>
  </testcase> <!-- @AfterMethod getResult -->
  <testcase name="testInvalidLoginLogout" time="0.009" classname="com.cawi.tests.invalidLoginTest">
    <failure type="java.lang.NullPointerException">
      <![CDATA[java.lang.NullPointerException
at com.cawi.tests.invalidLoginTest.testInvalidLoginLogout(invalidLoginTest.java:18)
... Removed 25 stack frames]]>
    </failure>
  </testcase> <!-- testInvalidLoginLogout -->
  <testcase name="testValidLogin" time="0.0" classname="com.cawi.tests.validLoginTest">
    <skipped/>
  </testcase> <!-- testValidLogin -->
  <testcase name="testSerchEngine" time="0.0" classname="com.cawi.tests.clientSerchTest">
    <skipped/>
  </testcase> <!-- testSerchEngine -->
  <testcase name="@BeforeSuite startReport" time="0.0" classname="com.cawi.generic.baseTest">
    <ignored/>
  </testcase> <!-- @BeforeSuite startReport -->
  <testcase name="@BeforeSuite startReport" time="0.0" classname="com.cawi.generic.baseTest">
    <ignored/>
  </testcase> <!-- @BeforeSuite startReport -->
  <testcase name="@AfterSuite endReport" time="0.0" classname="com.cawi.generic.baseTest">
    <ignored/>
  </testcase> <!-- @AfterSuite endReport -->
  <testcase name="@AfterSuite endReport" time="0.0" classname="com.cawi.generic.baseTest">
    <ignored/>
  </testcase> <!-- @AfterSuite endReport -->
</testsuite> <!-- Test -->
